2025-04-14 20:18:45,751 - email_sender - INFO - 已创建示例收件人列表
2025-04-14 20:18:45,751 - email_sender - INFO - 已加载 2 个收件人
2025-04-14 20:18:45,752 - email_sender - INFO - 邮件模板加载成功
2025-04-14 20:18:45,752 - email_sender - INFO - 已设置定时任务：每24小时发送一次邮件，每1小时检查回复
2025-04-14 20:18:45,753 - email_sender - INFO - 邮件发送系统已启动
2025-04-14 20:18:49,872 - email_sender - INFO - 开始批量发送邮件...
2025-04-14 20:18:50,368 - email_sender - ERROR - 发送邮件到 rongbaowei4@gmail.com 失败: (535, b'Error: authentication failed, system busy')
2025-04-14 20:18:55,828 - email_sender - ERROR - 发送邮件到 rongbaowei4@gmail.com 失败: (535, b'Error: authentication failed, system busy')
2025-04-14 20:20:16,793 - email_sender - INFO - 已加载 2 个收件人
2025-04-14 20:20:16,793 - email_sender - INFO - 邮件模板加载成功
2025-04-14 20:20:16,794 - email_sender - INFO - 已设置定时任务：每24小时发送一次邮件，每1小时检查回复
2025-04-14 20:20:16,794 - email_sender - INFO - 邮件发送系统已启动
2025-04-14 20:20:18,519 - email_sender - INFO - 开始批量发送邮件...
2025-04-14 20:20:18,811 - email_sender - ERROR - 发送邮件到 rongbaowei4@gmail.com 失败: Connection unexpectedly closed
2025-04-14 20:20:24,105 - email_sender - ERROR - 发送邮件到 rongbaowei4@gmail.com 失败: Connection unexpectedly closed
2025-04-14 20:21:12,259 - email_sender - INFO - 已加载 2 个收件人
2025-04-14 20:21:12,259 - email_sender - INFO - 邮件模板加载成功
2025-04-14 20:21:12,260 - email_sender - INFO - 已设置定时任务：每24小时发送一次邮件，每1小时检查回复
2025-04-14 20:21:12,260 - email_sender - INFO - 邮件发送系统已启动
2025-04-14 20:21:13,551 - email_sender - INFO - 开始批量发送邮件...
2025-04-14 20:21:13,650 - email_sender - ERROR - 发送邮件到 rongbaowei4@gmail.com 失败: [SSL: CERTIFICATE_VERIFY_FAILED] certificate verify failed: Hostname mismatch, certificate is not valid for 'smtp.vei-mei.com'. (_ssl.c:1010)
2025-04-14 20:21:18,759 - email_sender - ERROR - 发送邮件到 rongbaowei4@gmail.com 失败: [SSL: CERTIFICATE_VERIFY_FAILED] certificate verify failed: Hostname mismatch, certificate is not valid for 'smtp.vei-mei.com'. (_ssl.c:1010)
2025-04-14 20:22:17,096 - email_sender - INFO - 已加载 2 个收件人
2025-04-14 20:22:17,096 - email_sender - INFO - 邮件模板加载成功
2025-04-14 20:22:17,096 - email_sender - INFO - 已设置定时任务：每24小时发送一次邮件，每1小时检查回复
2025-04-14 20:22:17,097 - email_sender - INFO - 邮件发送系统已启动
2025-04-14 20:22:18,597 - email_sender - INFO - 开始批量发送邮件...
2025-04-14 20:22:18,608 - email_sender - INFO - 已禁用SSL证书验证
2025-04-14 20:22:20,959 - email_sender - ERROR - 发送邮件到 rongbaowei4@gmail.com 失败: (535, b'Error: authentication failed')
2025-04-14 20:26:56,883 - email_sender - INFO - 已加载 2 个收件人
2025-04-14 20:26:56,883 - email_sender - INFO - 邮件模板加载成功
2025-04-14 20:26:56,884 - email_sender - INFO - 已设置定时任务：每24小时发送一次邮件，每1小时检查回复
2025-04-14 20:26:56,884 - email_sender - INFO - 邮件发送系统已启动
2025-04-14 20:26:58,011 - email_sender - INFO - 开始批量发送邮件...
2025-04-14 20:26:58,025 - email_sender - INFO - 已禁用SSL证书验证
2025-04-14 20:26:59,040 - email_sender - INFO - 邮件已成功发送至 rongbaowei4@gmail.com，邮件ID: ca57bed9-dca6-4bfb-94ab-00a19b080442
2025-04-14 20:26:59,048 - email_sender - INFO - 邮件 ca57bed9-dca6-4bfb-94ab-00a19b080442 已在跟踪服务器注册
2025-04-14 20:28:57,540 - email_sender - INFO - 已加载 2 个收件人
2025-04-14 20:28:57,540 - email_sender - INFO - 邮件模板加载成功
2025-04-14 20:28:57,541 - email_sender - INFO - 已设置定时任务：每24小时发送一次邮件，每1小时检查回复
2025-04-14 20:28:57,541 - email_sender - INFO - 邮件发送系统已启动
2025-04-14 20:29:01,375 - email_sender - INFO - 开始检查邮件回复...
2025-04-14 20:29:01,445 - email_sender - ERROR - 检查邮件回复时出错: [Errno -2] Name or service not known
2025-04-14 20:29:54,246 - email_sender - INFO - 开始检查邮件回复...
2025-04-14 20:29:54,311 - email_sender - ERROR - 检查邮件回复时出错: [Errno -2] Name or service not known
2025-04-14 20:29:58,097 - email_sender - INFO - 已加载 2 个收件人
2025-04-14 20:29:58,097 - email_sender - INFO - 邮件模板加载成功
2025-04-14 20:29:58,098 - email_sender - INFO - 已设置定时任务：每24小时发送一次邮件，每1小时检查回复
2025-04-14 20:29:58,098 - email_sender - INFO - 邮件发送系统已启动
2025-04-14 20:29:59,036 - email_sender - INFO - 开始检查邮件回复...
2025-04-14 20:29:59,367 - email_sender - ERROR - 检查邮件回复时出错: b'LOGIN Login error'
2025-04-14 20:30:05,108 - email_sender - INFO - 开始批量发送邮件...
2025-04-14 20:30:05,117 - email_sender - INFO - 已禁用SSL证书验证
2025-04-14 20:30:05,427 - email_sender - ERROR - 发送邮件到 rongbaowei4@gmail.com 失败: Connection unexpectedly closed
2025-04-14 20:30:27,513 - email_sender - INFO - 已加载 2 个收件人
2025-04-14 20:30:27,513 - email_sender - INFO - 邮件模板加载成功
2025-04-14 20:30:27,514 - email_sender - INFO - 已设置定时任务：每24小时发送一次邮件，每1小时检查回复
2025-04-14 20:30:27,514 - email_sender - INFO - 邮件发送系统已启动
2025-04-14 20:30:28,564 - email_sender - INFO - 开始检查邮件回复...
2025-04-14 20:30:28,577 - email_sender - ERROR - 检查邮件回复时出错: [Errno -2] Name or service not known
2025-04-14 20:30:56,826 - email_sender - INFO - 已加载 2 个收件人
2025-04-14 20:30:56,826 - email_sender - INFO - 邮件模板加载成功
2025-04-14 20:30:56,826 - email_sender - INFO - 已设置定时任务：每24小时发送一次邮件，每1小时检查回复
2025-04-14 20:30:56,826 - email_sender - INFO - 邮件发送系统已启动
2025-04-14 20:30:57,837 - email_sender - INFO - 开始检查邮件回复...
2025-04-14 20:30:58,182 - email_sender - ERROR - 检查邮件回复时出错: b'LOGIN Login error'
2025-04-14 20:31:56,341 - email_sender - INFO - 已加载 2 个收件人
2025-04-14 20:31:56,341 - email_sender - INFO - 邮件模板加载成功
2025-04-14 20:31:56,342 - email_sender - INFO - 已设置定时任务：每24小时发送一次邮件，每1小时检查回复
2025-04-14 20:31:56,342 - email_sender - INFO - 邮件发送系统已启动
2025-04-14 20:31:59,293 - email_sender - INFO - 开始检查邮件回复...
2025-04-14 20:31:59,313 - email_sender - ERROR - 检查邮件回复时出错: [Errno -2] Name or service not known
2025-04-14 20:41:37,604 - email_sender - INFO - 已加载 2 个收件人
2025-04-14 20:41:37,605 - email_sender - INFO - 邮件模板加载成功
2025-04-14 20:41:37,605 - email_sender - INFO - 正在初始化邮件服务器连接...
2025-04-14 20:41:37,615 - email_sender - INFO - 已禁用SSL证书验证
2025-04-14 20:41:37,966 - email_sender - INFO - SMTP连接已成功建立
2025-04-14 20:41:37,976 - email_sender - INFO - 已禁用SSL证书验证
2025-04-14 20:41:37,980 - email_sender - ERROR - 建立IMAP连接失败: [Errno -2] Name or service not known
2025-04-14 20:41:37,981 - email_sender - WARNING - 邮件服务器连接初始化失败，将在发送邮件时重试
2025-04-14 20:41:37,982 - email_sender - INFO - 已设置定时任务：每24小时发送一次邮件，每1小时检查回复，每30分钟检查连接状态
2025-04-14 20:41:37,982 - email_sender - INFO - 邮件发送系统已启动
2025-04-14 20:41:39,867 - email_sender - INFO - 开始检查邮件回复...
2025-04-14 20:41:39,877 - email_sender - INFO - 已禁用SSL证书验证
2025-04-14 20:41:39,881 - email_sender - ERROR - 建立IMAP连接失败: [Errno -2] Name or service not known
2025-04-14 20:41:39,882 - email_sender - ERROR - 无法建立IMAP连接，邮件检查失败
2025-04-14 20:43:10,806 - email_sender - INFO - 已加载 2 个收件人
2025-04-14 20:43:10,806 - email_sender - INFO - 邮件模板加载成功
2025-04-14 20:43:10,806 - email_sender - INFO - 正在初始化邮件服务器连接...
2025-04-14 20:43:10,817 - email_sender - INFO - 已禁用SSL证书验证
2025-04-14 20:43:11,091 - email_sender - INFO - SMTP连接已成功建立
2025-04-14 20:43:11,105 - email_sender - INFO - 已禁用SSL证书验证
2025-04-14 20:43:11,108 - email_sender - ERROR - 建立IMAP连接失败: [Errno -2] Name or service not known
2025-04-14 20:43:11,110 - email_sender - WARNING - 邮件服务器连接初始化失败，将在发送邮件时重试
2025-04-14 20:43:11,111 - email_sender - INFO - 已设置定时任务：每24小时发送一次邮件，每1小时检查回复，每30分钟检查连接状态
2025-04-14 20:43:11,111 - email_sender - INFO - 邮件发送系统已启动
2025-04-14 20:43:52,800 - email_sender - INFO - 已加载 2 个收件人
2025-04-14 20:43:52,800 - email_sender - INFO - 邮件模板加载成功
2025-04-14 20:43:52,800 - email_sender - INFO - 正在初始化邮件服务器连接...
2025-04-14 20:43:52,814 - email_sender - INFO - 已禁用SSL证书验证
2025-04-14 20:43:53,123 - email_sender - INFO - SMTP连接已成功建立
2025-04-14 20:43:53,132 - email_sender - INFO - 已禁用SSL证书验证
2025-04-14 20:43:53,137 - email_sender - ERROR - 建立IMAP连接失败: [Errno -2] Name or service not known
2025-04-14 20:43:53,138 - email_sender - WARNING - 邮件服务器连接初始化失败，将在发送邮件时重试
2025-04-14 20:43:53,139 - email_sender - INFO - 已设置定时任务：每24小时发送一次邮件，每1小时检查回复，每30分钟检查连接状态
2025-04-14 20:43:53,140 - email_sender - INFO - 邮件发送系统已启动
2025-04-14 20:49:02,721 - email_sender - INFO - 开始批量发送邮件...
2025-04-14 20:49:02,724 - email_sender - ERROR - 发送邮件到 rongbaowei4@gmail.com 失败: Connection unexpectedly closed
2025-04-14 20:49:18,834 - email_sender - INFO - 已加载 2 个收件人
2025-04-14 20:49:18,834 - email_sender - INFO - 邮件模板加载成功
2025-04-14 20:49:18,834 - email_sender - INFO - 正在初始化邮件服务器连接...
2025-04-14 20:49:18,843 - email_sender - INFO - 已禁用SSL证书验证
2025-04-14 20:49:19,177 - email_sender - INFO - SMTP连接已成功建立
2025-04-14 20:49:19,187 - email_sender - INFO - 已禁用SSL证书验证
2025-04-14 20:49:19,191 - email_sender - ERROR - 建立IMAP连接失败: [Errno -2] Name or service not known
2025-04-14 20:49:19,192 - email_sender - WARNING - 邮件服务器连接初始化失败，将在发送邮件时重试
2025-04-14 20:49:19,193 - email_sender - INFO - 已设置定时任务：每24小时发送一次邮件，每1小时检查回复，每30分钟检查连接状态
2025-04-14 20:49:19,193 - email_sender - INFO - 邮件发送系统已启动
2025-04-14 20:49:20,144 - email_sender - INFO - 开始批量发送邮件...
2025-04-14 20:49:21,085 - email_sender - INFO - 邮件已成功发送至 rongbaowei4@gmail.com，邮件ID: 5d126717-f98a-4473-8c0e-be4747308d18
2025-04-14 20:49:21,091 - email_sender - INFO - 邮件 5d126717-f98a-4473-8c0e-be4747308d18 已在跟踪服务器注册
2025-04-14 20:49:26,860 - email_sender - INFO - 邮件已成功发送至 rongbaowei4@gmail.com，邮件ID: dacf994e-70ea-495c-b3ff-a9e8f959334a
2025-04-14 20:49:26,865 - email_sender - INFO - 邮件 dacf994e-70ea-495c-b3ff-a9e8f959334a 已在跟踪服务器注册
2025-04-14 20:49:31,866 - email_sender - INFO - 批量发送完成。成功: 2/2
2025-04-14 20:58:14,800 - email_sender - INFO - 已加载 2 个收件人
2025-04-14 20:58:14,800 - email_sender - INFO - 邮件模板加载成功
2025-04-14 20:58:14,800 - email_sender - INFO - 正在初始化邮件服务器连接...
2025-04-14 20:58:14,809 - email_sender - INFO - 已禁用SSL证书验证
2025-04-14 20:58:15,100 - email_sender - INFO - SMTP连接已成功建立
2025-04-14 20:58:15,110 - email_sender - INFO - 已禁用SSL证书验证
2025-04-14 20:58:15,115 - email_sender - ERROR - 建立IMAP连接失败: [Errno -2] Name or service not known
2025-04-14 20:58:15,117 - email_sender - WARNING - 邮件服务器连接初始化失败，将在发送邮件时重试
2025-04-14 20:58:15,117 - email_sender - INFO - 已设置定时任务：每24小时发送一次邮件，每1小时检查回复，每30分钟检查连接状态
2025-04-14 20:58:15,117 - email_sender - INFO - 邮件发送系统已启动
2025-04-14 20:58:16,338 - email_sender - INFO - 开始批量发送邮件...
2025-04-14 20:58:17,152 - email_sender - INFO - 邮件已成功发送至 rongbaowei4@gmail.com，邮件ID: 8c017fa3-99fa-4d94-b3b1-98fb143b7830
2025-04-14 20:58:17,159 - email_sender - INFO - 邮件 8c017fa3-99fa-4d94-b3b1-98fb143b7830 已在跟踪服务器注册
2025-04-14 20:58:22,887 - email_sender - INFO - 邮件已成功发送至 rongbaowei4@gmail.com，邮件ID: 15e0ac18-c4b0-4ca0-ad69-6007b789684d
2025-04-14 20:58:22,892 - email_sender - INFO - 邮件 15e0ac18-c4b0-4ca0-ad69-6007b789684d 已在跟踪服务器注册
2025-04-14 20:58:27,893 - email_sender - INFO - 批量发送完成。成功: 2/2
2025-04-14 21:05:11,477 - email_sender - INFO - 已加载 2 个收件人
2025-04-14 21:05:11,477 - email_sender - INFO - 邮件模板加载成功
2025-04-14 21:05:11,477 - email_sender - INFO - 正在初始化邮件服务器连接...
2025-04-14 21:05:11,486 - email_sender - INFO - 已禁用SSL证书验证
2025-04-14 21:05:11,789 - email_sender - INFO - SMTP连接已成功建立
2025-04-14 21:05:11,798 - email_sender - INFO - 已禁用SSL证书验证
2025-04-14 21:05:11,801 - email_sender - ERROR - 建立IMAP连接失败: [Errno -2] Name or service not known
2025-04-14 21:05:11,803 - email_sender - WARNING - 邮件服务器连接初始化失败，将在发送邮件时重试
2025-04-14 21:05:11,803 - email_sender - INFO - 已设置定时任务：每24小时发送一次邮件，每1小时检查回复，每30分钟检查连接状态
2025-04-14 21:05:11,803 - email_sender - INFO - 邮件发送系统已启动
2025-04-14 21:05:13,140 - email_sender - INFO - 开始批量发送邮件...
2025-04-14 21:05:13,945 - email_sender - INFO - 邮件已成功发送至 rongbaowei4@gmail.com，邮件ID: f3bf3a0a-07ac-4f27-9771-c1d5dbf5eacf
2025-04-14 21:05:13,951 - email_sender - INFO - 邮件 f3bf3a0a-07ac-4f27-9771-c1d5dbf5eacf 已在跟踪服务器注册
2025-04-14 21:05:19,704 - email_sender - INFO - 邮件已成功发送至 rongbaowei4@gmail.com，邮件ID: 4a343f6c-2f98-4ab3-80db-4dccdba4a435
2025-04-14 21:05:19,710 - email_sender - INFO - 邮件 4a343f6c-2f98-4ab3-80db-4dccdba4a435 已在跟踪服务器注册
2025-04-14 21:05:24,711 - email_sender - INFO - 批量发送完成。成功: 2/2
2025-04-14 21:16:43,238 - email_sender - INFO - 已加载 2 个收件人
2025-04-14 21:16:43,238 - email_sender - INFO - 邮件模板加载成功
2025-04-14 21:16:43,238 - email_sender - INFO - 正在初始化邮件服务器连接...
2025-04-14 21:16:43,247 - email_sender - INFO - 已禁用SSL证书验证
2025-04-14 21:16:43,543 - email_sender - INFO - SMTP连接已成功建立
2025-04-14 21:16:43,553 - email_sender - INFO - 已禁用SSL证书验证
2025-04-14 21:16:43,558 - email_sender - ERROR - 建立IMAP连接失败: [Errno -2] Name or service not known
2025-04-14 21:16:43,559 - email_sender - WARNING - 邮件服务器连接初始化失败，将在发送邮件时重试
2025-04-14 21:16:43,560 - email_sender - INFO - 已设置定时任务：每24小时发送一次邮件，每1小时检查回复，每30分钟检查连接状态
2025-04-14 21:16:43,560 - email_sender - INFO - 邮件发送系统已启动
2025-04-14 21:16:51,295 - email_sender - INFO - 开始批量发送邮件...
2025-04-14 21:16:52,079 - email_sender - INFO - 邮件已成功发送至 rongbaowei4@gmail.com，邮件ID: 35c23a9c-9295-45f2-856a-b3a0c1799de1
2025-04-14 21:16:52,086 - email_sender - INFO - 邮件 35c23a9c-9295-45f2-856a-b3a0c1799de1 已在跟踪服务器注册
2025-04-14 21:16:57,726 - email_sender - INFO - 邮件已成功发送至 rongbaowei4@gmail.com，邮件ID: 18efcfa8-8d41-4710-901d-002865bf7e73
2025-04-14 21:16:57,732 - email_sender - INFO - 邮件 18efcfa8-8d41-4710-901d-002865bf7e73 已在跟踪服务器注册
2025-04-14 21:17:02,733 - email_sender - INFO - 批量发送完成。成功: 2/2
2025-04-14 21:46:43,566 - email_sender - INFO - 执行连接健康检查...
2025-04-14 21:46:43,577 - email_sender - INFO - 已禁用SSL证书验证
2025-04-14 21:46:43,580 - email_sender - ERROR - 建立IMAP连接失败: [Errno -2] Name or service not known
2025-04-14 22:08:45,039 - email_sender - INFO - 已从数据库加载 1 个收件人
2025-04-14 22:08:45,041 - email_sender - INFO - 邮件模板加载成功
2025-04-14 22:08:45,041 - email_sender - INFO - 正在初始化邮件服务器连接...
2025-04-14 22:08:45,050 - email_sender - INFO - 已禁用SSL证书验证
2025-04-14 22:08:45,396 - email_sender - INFO - SMTP连接已成功建立
2025-04-14 22:08:45,405 - email_sender - INFO - 已禁用SSL证书验证
2025-04-14 22:08:45,411 - email_sender - ERROR - 建立IMAP连接失败: [Errno -2] Name or service not known
2025-04-14 22:08:45,412 - email_sender - WARNING - 邮件服务器连接初始化失败，将在发送邮件时重试
2025-04-14 22:08:45,413 - email_sender - INFO - 已设置定时任务：每24小时发送一次邮件，每1小时检查回复，每30分钟检查连接状态
2025-04-14 22:08:45,413 - email_sender - INFO - 邮件发送系统已启动
2025-04-14 22:08:47,585 - email_sender - INFO - 开始批量发送邮件...
2025-04-14 22:08:48,363 - email_sender - INFO - 邮件已成功发送至 OPERATIONS@CEVALOGISTICS.COM，邮件ID: 95bd6e28-dccf-40cd-a866-c527473d7fb2
2025-04-14 22:08:48,377 - email_sender - INFO - 邮件 95bd6e28-dccf-40cd-a866-c527473d7fb2 已在跟踪服务器注册
2025-04-14 22:08:48,705 - email_sender - INFO - 已更新ID为 61 的联系人邮件发送状态
2025-04-14 22:08:53,708 - email_sender - INFO - 批量发送完成。成功: 1/1
2025-04-14 22:09:44,627 - email_sender - INFO - 开始检查邮件回复...
2025-04-14 22:09:44,636 - email_sender - INFO - 已禁用SSL证书验证
2025-04-14 22:09:44,641 - email_sender - ERROR - 建立IMAP连接失败: [Errno -2] Name or service not known
2025-04-14 22:09:44,642 - email_sender - ERROR - 无法建立IMAP连接，邮件检查失败
2025-04-17 15:39:48,037 - email_sender - INFO - 邮件模板 C_template.html 加载成功
2025-04-17 15:39:48,046 - email_sender - INFO - 已禁用SSL证书验证
2025-04-17 15:39:48,647 - email_sender - INFO - SMTP连接已成功建立
2025-04-17 15:39:48,659 - email_sender - INFO - 已禁用SSL证书验证
2025-04-17 15:39:49,087 - email_sender - ERROR - 建立IMAP连接失败: [Errno -2] Name or service not known
2025-04-17 15:39:50,436 - email_sender - INFO - 邮件已成功发送至 INFO@PRIMESTSUPPORT.COM，邮件ID: f8697049-18ba-4e34-a6f7-cb5c9e2bf206
2025-04-17 15:39:50,445 - email_sender - INFO - 邮件 f8697049-18ba-4e34-a6f7-cb5c9e2bf206 已在跟踪服务器注册
2025-04-17 15:39:50,747 - email_sender - ERROR - 更新数据库中邮件状态失败: 1054 (42S22): Unknown column 'email_id' in 'field list'
2025-04-17 15:39:57,339 - email_sender - INFO - 邮件已成功发送至 OPERATIONS@CEVALOGISTICS.COM，邮件ID: 2b0257ee-2ad8-4290-a808-0d02930a7244
2025-04-17 15:39:57,346 - email_sender - INFO - 邮件 2b0257ee-2ad8-4290-a808-0d02930a7244 已在跟踪服务器注册
2025-04-17 15:39:57,651 - email_sender - ERROR - 更新数据库中邮件状态失败: 1054 (42S22): Unknown column 'email_id' in 'field list'
2025-04-17 15:40:04,755 - email_sender - INFO - 邮件已成功发送至 INFO@PRIMESTSUPPORT.COM，邮件ID: e3841841-ffd8-44c0-af7d-744531ede3ee
2025-04-17 15:40:04,760 - email_sender - INFO - 邮件 e3841841-ffd8-44c0-af7d-744531ede3ee 已在跟踪服务器注册
2025-04-17 15:40:05,135 - email_sender - ERROR - 更新数据库中邮件状态失败: 1054 (42S22): Unknown column 'email_id' in 'field list'
2025-04-17 15:40:11,472 - email_sender - INFO - 邮件已成功发送至 ckramer@rivertrade.com，邮件ID: 2de7640b-fd72-4b45-a26a-bda41877cb36
2025-04-17 15:40:11,477 - email_sender - INFO - 邮件 2de7640b-fd72-4b45-a26a-bda41877cb36 已在跟踪服务器注册
2025-04-17 15:40:11,820 - email_sender - ERROR - 更新数据库中邮件状态失败: 1054 (42S22): Unknown column 'email_id' in 'field list'
2025-04-17 15:40:18,426 - email_sender - INFO - 邮件已成功发送至 weisst@rivertrade.com，邮件ID: 7bc3d3ac-3351-4d5e-8221-08cfece91ee1
2025-04-17 15:40:18,432 - email_sender - INFO - 邮件 7bc3d3ac-3351-4d5e-8221-08cfece91ee1 已在跟踪服务器注册
2025-04-17 15:40:18,751 - email_sender - ERROR - 更新数据库中邮件状态失败: 1054 (42S22): Unknown column 'email_id' in 'field list'
2025-04-17 15:40:24,785 - email_sender - INFO - 邮件已成功发送至 tomm@rivertrade.com，邮件ID: 7a3f82f1-4fdc-4951-a2ad-18cffa50772d
2025-04-17 15:40:24,790 - email_sender - INFO - 邮件 7a3f82f1-4fdc-4951-a2ad-18cffa50772d 已在跟踪服务器注册
2025-04-17 15:40:25,081 - email_sender - ERROR - 更新数据库中邮件状态失败: 1054 (42S22): Unknown column 'email_id' in 'field list'
2025-04-17 15:40:31,326 - email_sender - INFO - 邮件已成功发送至 sittlow@rivertrade.com，邮件ID: ca5051c5-bd91-4c88-ac99-2bb5048c07c9
2025-04-17 15:40:31,332 - email_sender - INFO - 邮件 ca5051c5-bd91-4c88-ac99-2bb5048c07c9 已在跟踪服务器注册
2025-04-17 15:40:31,626 - email_sender - ERROR - 更新数据库中邮件状态失败: 1054 (42S22): Unknown column 'email_id' in 'field list'
2025-04-17 15:40:37,895 - email_sender - INFO - 邮件已成功发送至 johno@rivertrade.com，邮件ID: d69bd699-b278-4b33-a580-4272a43c0787
2025-04-17 15:40:37,900 - email_sender - INFO - 邮件 d69bd699-b278-4b33-a580-4272a43c0787 已在跟踪服务器注册
2025-04-17 15:40:38,270 - email_sender - ERROR - 更新数据库中邮件状态失败: 1054 (42S22): Unknown column 'email_id' in 'field list'
2025-04-17 15:40:44,451 - email_sender - INFO - 邮件已成功发送至 abudge@rivertrade.com，邮件ID: cea74aa6-6da2-4266-b6a1-1c6b071f0e4f
2025-04-17 15:40:44,457 - email_sender - INFO - 邮件 cea74aa6-6da2-4266-b6a1-1c6b071f0e4f 已在跟踪服务器注册
2025-04-17 15:40:44,758 - email_sender - ERROR - 更新数据库中邮件状态失败: 1054 (42S22): Unknown column 'email_id' in 'field list'
2025-04-17 15:40:50,794 - email_sender - INFO - 邮件已成功发送至 HUSTON@rivertrade.com，邮件ID: ca57ed5e-4923-49e4-b8ac-f47efbfe6b40
2025-04-17 15:40:50,799 - email_sender - INFO - 邮件 ca57ed5e-4923-49e4-b8ac-f47efbfe6b40 已在跟踪服务器注册
2025-04-17 15:40:51,096 - email_sender - ERROR - 更新数据库中邮件状态失败: 1054 (42S22): Unknown column 'email_id' in 'field list'
2025-04-17 15:43:36,957 - email_sender - INFO - 邮件模板 C_template.html 加载成功
2025-04-17 15:43:36,966 - email_sender - INFO - 已禁用SSL证书验证
2025-04-17 15:43:37,278 - email_sender - INFO - SMTP连接已成功建立
2025-04-17 15:43:37,289 - email_sender - INFO - 已禁用SSL证书验证
2025-04-17 15:43:37,347 - email_sender - ERROR - 建立IMAP连接失败: [Errno -2] Name or service not known
2025-04-17 15:43:38,790 - email_sender - INFO - 邮件已成功发送至 INFO@PRIMESTSUPPORT.COM，邮件ID: 67942c1c-2f5b-4c6e-8c4a-23d920ae8e5a
2025-04-17 15:43:38,798 - email_sender - INFO - 邮件 67942c1c-2f5b-4c6e-8c4a-23d920ae8e5a 已在跟踪服务器注册
2025-04-17 15:43:39,112 - email_sender - INFO - 已将邮件信息保存到email_tracking表，邮件ID: 67942c1c-2f5b-4c6e-8c4a-23d920ae8e5a
2025-04-17 15:43:39,190 - email_sender - INFO - 已更新ID为 62 的联系人邮件发送状态
